000 (9271907.000.000) 03/06 22:01:02 Job submitted from host: <188.184.90.62:9618?addrs=188.184.90.62-9618+[2001-1458-201-e4--100-238]-9618&alias=bigbird16.cern.ch&noUDP&sock=schedd_4073970_23e3>
...
040 (9271907.000.000) 03/06 22:01:59 Started transferring input files
	Transferring to host: <188.184.195.145:9618?addrs=188.184.195.145-9618+[2001-1458-301-72--100-41d]-9618&alias=b9g47n9913.cern.ch&noUDP&sock=slot1_1_2045144_b5d6_23906>
...
040 (9271907.000.000) 03/06 22:01:59 Finished transferring input files
...
001 (9271907.000.000) 03/06 22:02:00 Job executing on host: <188.184.195.145:9618?addrs=188.184.195.145-9618+[2001-1458-301-72--100-41d]-9618&alias=b9g47n9913.cern.ch&noUDP&sock=startd_4060_6699>
...
006 (9271907.000.000) 03/06 22:02:09 Image size of job updated: 21168
	21  -  MemoryUsage of job (MB)
	20924  -  ResidentSetSize of job (KB)
...
006 (9271907.000.000) 03/06 22:07:10 Image size of job updated: 9610108
	9385  -  MemoryUsage of job (MB)
	9610108  -  ResidentSetSize of job (KB)
...
006 (9271907.000.000) 03/06 22:12:11 Image size of job updated: 36295592
	24713  -  MemoryUsage of job (MB)
	25305880  -  ResidentSetSize of job (KB)
...
006 (9271907.000.000) 03/06 22:17:11 Image size of job updated: 53497984
	36922  -  MemoryUsage of job (MB)
	37807652  -  ResidentSetSize of job (KB)
...
040 (9271907.000.000) 03/07 01:21:42 Started transferring output files
...
040 (9271907.000.000) 03/07 01:21:42 Finished transferring output files
...
005 (9271907.000.000) 03/07 01:21:42 Job terminated.
	(1) Normal termination (return value 0)
		Usr 0 01:52:59, Sys 0 01:18:18  -  Run Remote Usage
		Usr 0 00:00:00, Sys 0 00:00:00  -  Run Local Usage
		Usr 0 01:52:59, Sys 0 01:18:18  -  Total Remote Usage
		Usr 0 00:00:00, Sys 0 00:00:00  -  Total Local Usage
	221638  -  Run Bytes Sent By Job
	936  -  Run Bytes Received By Job
	221638  -  Total Bytes Sent By Job
	936  -  Total Bytes Received By Job
	Partitionable Resources :    Usage  Request Allocated Assigned
	   Cpus                 :     1.00       22        22 
	   Disk (KB)            :   240       10000   1050513 
	   Gpus (Average)       :     0.73        1         1 "GPU-eec0bab3"
	   GpusMemory (MB)      :   869                       
	   Memory (MB)          : 36922       44000     44000 

	Job terminated of its own accord at 2024-03-07T00:21:42Z.
...
