000 (9246648.000.000) 02/19 20:56:45 Job submitted from host: <188.184.90.62:9618?addrs=188.184.90.62-9618+[2001-1458-201-e4--100-238]-9618&alias=bigbird16.cern.ch&noUDP&sock=schedd_4073970_23e3>
...
040 (9246648.000.000) 02/19 21:00:40 Started transferring input files
	Transferring to host: <188.184.195.145:9618?addrs=188.184.195.145-9618+[2001-1458-301-72--100-41d]-9618&alias=b9g47n9913.cern.ch&noUDP&sock=slot1_1_2045144_b5d6_13022>
...
040 (9246648.000.000) 02/19 21:00:40 Finished transferring input files
...
001 (9246648.000.000) 02/19 21:00:41 Job executing on host: <188.184.195.145:9618?addrs=188.184.195.145-9618+[2001-1458-301-72--100-41d]-9618&alias=b9g47n9913.cern.ch&noUDP&sock=startd_4060_6699>
...
006 (9246648.000.000) 02/19 21:00:49 Image size of job updated: 18412
	18  -  MemoryUsage of job (MB)
	18412  -  ResidentSetSize of job (KB)
...
006 (9246648.000.000) 02/19 21:05:49 Image size of job updated: 1548652
	1506  -  MemoryUsage of job (MB)
	1541872  -  ResidentSetSize of job (KB)
...
006 (9246648.000.000) 02/19 21:10:50 Image size of job updated: 29716552
	19495  -  MemoryUsage of job (MB)
	19962416  -  ResidentSetSize of job (KB)
...
006 (9246648.000.000) 02/19 21:15:50 Image size of job updated: 47517624
	45751  -  MemoryUsage of job (MB)
	46848348  -  ResidentSetSize of job (KB)
...
006 (9246648.000.000) 02/19 21:20:50 Image size of job updated: 49899604
	45759  -  MemoryUsage of job (MB)
	46856540  -  ResidentSetSize of job (KB)
...
040 (9246648.000.000) 02/19 22:22:27 Started transferring output files
...
040 (9246648.000.000) 02/19 22:22:27 Finished transferring output files
...
004 (9246648.000.000) 02/19 22:22:27 Job was evicted.
	(0) CPU times
		Usr 0 15:22:25, Sys 0 00:21:34  -  Run Remote Usage
		Usr 0 00:00:00, Sys 0 00:00:00  -  Run Local Usage
	74734  -  Run Bytes Sent By Job
	843  -  Run Bytes Received By Job
	Partitionable Resources :    Usage  Request Allocated Assigned
	   Cpus                 :    14.16       22        22 
	   Disk (KB)            :    97      100000   1073175 
	   Gpus (Average)       :     0           1         1 "GPU-eec0bab3"
	   GpusMemory (MB)      :   467                       
	   Memory (MB)          : 45759       44000     44000 
...
009 (9246648.000.000) 02/19 22:22:27 Job was aborted.
	via condor_rm (by user jshteren)
...
