000 (9246781.000.000) 02/19 22:22:50 Job submitted from host: <188.184.90.62:9618?addrs=188.184.90.62-9618+[2001-1458-201-e4--100-238]-9618&alias=bigbird16.cern.ch&noUDP&sock=schedd_4073970_23e3>
...
040 (9246781.000.000) 02/19 22:24:50 Started transferring input files
	Transferring to host: <188.184.195.145:9618?addrs=188.184.195.145-9618+[2001-1458-301-72--100-41d]-9618&alias=b9g47n9913.cern.ch&noUDP&sock=slot1_1_2045144_b5d6_13065>
...
040 (9246781.000.000) 02/19 22:24:50 Finished transferring input files
...
001 (9246781.000.000) 02/19 22:24:51 Job executing on host: <188.184.195.145:9618?addrs=188.184.195.145-9618+[2001-1458-301-72--100-41d]-9618&alias=b9g47n9913.cern.ch&noUDP&sock=startd_4060_6699>
...
006 (9246781.000.000) 02/19 22:24:59 Image size of job updated: 41108
	34  -  MemoryUsage of job (MB)
	34536  -  ResidentSetSize of job (KB)
...
006 (9246781.000.000) 02/19 22:29:59 Image size of job updated: 15965344
	9936  -  MemoryUsage of job (MB)
	10174072  -  ResidentSetSize of job (KB)
...
006 (9246781.000.000) 02/19 22:34:59 Image size of job updated: 39561464
	27852  -  MemoryUsage of job (MB)
	28519708  -  ResidentSetSize of job (KB)
...
006 (9246781.000.000) 02/19 22:40:00 Image size of job updated: 51664064
	34988  -  MemoryUsage of job (MB)
	35827236  -  ResidentSetSize of job (KB)
...
006 (9246781.000.000) 02/20 15:51:24 Image size of job updated: 51664064
	36815  -  MemoryUsage of job (MB)
	37698484  -  ResidentSetSize of job (KB)
...
006 (9246781.000.000) 02/20 15:56:24 Image size of job updated: 51664064
	46856  -  MemoryUsage of job (MB)
	47980212  -  ResidentSetSize of job (KB)
...
040 (9246781.000.000) 02/20 15:59:22 Started transferring output files
...
040 (9246781.000.000) 02/20 15:59:23 Finished transferring output files
...
004 (9246781.000.000) 02/20 15:59:23 Job was evicted.
	(0) CPU times
		Usr 10 03:21:03, Sys 0 04:13:45  -  Run Remote Usage
		Usr 0 00:00:00, Sys 0 00:00:00  -  Run Local Usage
	952597  -  Run Bytes Sent By Job
	935  -  Run Bytes Received By Job
	Partitionable Resources :    Usage  Request Allocated Assigned
	   Cpus                 :     1.00       22        22 
	   Disk (KB)            :   954      100000   1073076 
	   Gpus (Average)       :     0           1         1 "GPU-eec0bab3"
	   GpusMemory (MB)      :   467                       
	   Memory (MB)          : 46856       44000     44000 
...
009 (9246781.000.000) 02/20 15:59:23 Job was aborted.
	via condor_rm (by user jshteren)
...
