000 (9260425.000.000) 02/28 01:19:47 Job submitted from host: <188.184.90.62:9618?addrs=188.184.90.62-9618+[2001-1458-201-e4--100-238]-9618&alias=bigbird16.cern.ch&noUDP&sock=schedd_4073970_23e3>
...
040 (9260425.000.000) 02/28 01:25:28 Started transferring input files
	Transferring to host: <188.184.195.145:9618?addrs=188.184.195.145-9618+[2001-1458-301-72--100-41d]-9618&alias=b9g47n9913.cern.ch&noUDP&sock=slot1_1_2045144_b5d6_18580>
...
040 (9260425.000.000) 02/28 01:25:28 Finished transferring input files
...
001 (9260425.000.000) 02/28 01:25:29 Job executing on host: <188.184.195.145:9618?addrs=188.184.195.145-9618+[2001-1458-301-72--100-41d]-9618&alias=b9g47n9913.cern.ch&noUDP&sock=startd_4060_6699>
...
006 (9260425.000.000) 02/28 01:25:37 Image size of job updated: 18228
	18  -  MemoryUsage of job (MB)
	18224  -  ResidentSetSize of job (KB)
...
006 (9260425.000.000) 02/28 01:30:37 Image size of job updated: 3396436
	2296  -  MemoryUsage of job (MB)
	2350676  -  ResidentSetSize of job (KB)
...
006 (9260425.000.000) 02/28 01:35:38 Image size of job updated: 32413688
	22485  -  MemoryUsage of job (MB)
	23023932  -  ResidentSetSize of job (KB)
...
006 (9260425.000.000) 02/28 01:40:39 Image size of job updated: 42692140
	23766  -  MemoryUsage of job (MB)
	24335684  -  ResidentSetSize of job (KB)
...
006 (9260425.000.000) 02/28 01:45:39 Image size of job updated: 43956320
	27823  -  MemoryUsage of job (MB)
	28490620  -  ResidentSetSize of job (KB)
...
040 (9260425.000.000) 02/28 15:07:27 Started transferring output files
...
040 (9260425.000.000) 02/28 15:07:27 Finished transferring output files
...
004 (9260425.000.000) 02/28 15:07:27 Job was evicted.
	(0) CPU times
		Usr 8 00:19:49, Sys 0 03:22:46  -  Run Remote Usage
		Usr 0 00:00:00, Sys 0 00:00:00  -  Run Local Usage
	753847  -  Run Bytes Sent By Job
	935  -  Run Bytes Received By Job
	Partitionable Resources :    Usage  Request Allocated Assigned
	   Cpus                 :    14.31       22        22 
	   Disk (KB)            :   760       10000   1056550 
	   Gpus (Average)       :     0           1         1 "GPU-eec0bab3"
	   GpusMemory (MB)      :   435                       
	   Memory (MB)          : 27823       44000     44000 
...
009 (9260425.000.000) 02/28 15:07:27 Job was aborted.
	via condor_rm (by user jshteren)
...
