000 (9260607.000.000) 02/28 14:59:01 Job submitted from host: <188.184.90.62:9618?addrs=188.184.90.62-9618+[2001-1458-201-e4--100-238]-9618&alias=bigbird16.cern.ch&noUDP&sock=schedd_4073970_23e3>
...
040 (9260607.000.000) 02/28 15:26:02 Started transferring input files
	Transferring to host: <188.184.195.145:9618?addrs=188.184.195.145-9618+[2001-1458-301-72--100-41d]-9618&alias=b9g47n9913.cern.ch&noUDP&sock=slot1_1_2045144_b5d6_18978>
...
040 (9260607.000.000) 02/28 15:26:02 Finished transferring input files
...
001 (9260607.000.000) 02/28 15:26:03 Job executing on host: <188.184.195.145:9618?addrs=188.184.195.145-9618+[2001-1458-301-72--100-41d]-9618&alias=b9g47n9913.cern.ch&noUDP&sock=startd_4060_6699>
...
006 (9260607.000.000) 02/28 15:26:11 Image size of job updated: 18484
	19  -  MemoryUsage of job (MB)
	18484  -  ResidentSetSize of job (KB)
...
006 (9260607.000.000) 02/28 15:31:11 Image size of job updated: 4307696
	2852  -  MemoryUsage of job (MB)
	2920016  -  ResidentSetSize of job (KB)
...
006 (9260607.000.000) 02/28 15:36:12 Image size of job updated: 32427204
	24518  -  MemoryUsage of job (MB)
	25106396  -  ResidentSetSize of job (KB)
...
006 (9260607.000.000) 02/28 15:41:13 Image size of job updated: 44624768
	25207  -  MemoryUsage of job (MB)
	25811328  -  ResidentSetSize of job (KB)
...
006 (9260607.000.000) 02/28 15:46:13 Image size of job updated: 44990540
	28848  -  MemoryUsage of job (MB)
	29539632  -  ResidentSetSize of job (KB)
...
040 (9260607.000.000) 02/28 18:08:20 Started transferring output files
...
040 (9260607.000.000) 02/28 18:08:20 Finished transferring output files
...
004 (9260607.000.000) 02/28 18:08:20 Job was evicted.
	(0) CPU times
		Usr 1 10:38:40, Sys 0 00:41:12  -  Run Remote Usage
		Usr 0 00:00:00, Sys 0 00:00:00  -  Run Local Usage
	148248  -  Run Bytes Sent By Job
	935  -  Run Bytes Received By Job
	Partitionable Resources :    Usage  Request Allocated Assigned
	   Cpus                 :    14.44       22        22 
	   Disk (KB)            :   183       10000   1055962 
	   Gpus (Average)       :     0           1         1 "GPU-eec0bab3"
	   GpusMemory (MB)      :   435                       
	   Memory (MB)          : 28848       44000     44000 
...
009 (9260607.000.000) 02/28 18:08:20 Job was aborted.
	via condor_rm (by user jshteren)
...
