000 (9247062.000.000) 02/20 16:03:21 Job submitted from host: <188.184.90.62:9618?addrs=188.184.90.62-9618+[2001-1458-201-e4--100-238]-9618&alias=bigbird16.cern.ch&noUDP&sock=schedd_4073970_23e3>
...
040 (9247062.000.000) 02/20 16:06:45 Started transferring input files
	Transferring to host: <188.184.195.145:9618?addrs=188.184.195.145-9618+[2001-1458-301-72--100-41d]-9618&alias=b9g47n9913.cern.ch&noUDP&sock=slot1_1_2045144_b5d6_13561>
...
040 (9247062.000.000) 02/20 16:06:45 Finished transferring input files
...
001 (9247062.000.000) 02/20 16:06:46 Job executing on host: <188.184.195.145:9618?addrs=188.184.195.145-9618+[2001-1458-301-72--100-41d]-9618&alias=b9g47n9913.cern.ch&noUDP&sock=startd_4060_6699>
...
006 (9247062.000.000) 02/20 16:06:55 Image size of job updated: 18592
	19  -  MemoryUsage of job (MB)
	18592  -  ResidentSetSize of job (KB)
...
006 (9247062.000.000) 02/20 16:11:56 Image size of job updated: 391936
	383  -  MemoryUsage of job (MB)
	391936  -  ResidentSetSize of job (KB)
...
006 (9247062.000.000) 02/20 16:16:56 Image size of job updated: 12688976
	12392  -  MemoryUsage of job (MB)
	12688852  -  ResidentSetSize of job (KB)
...
006 (9247062.000.000) 02/20 16:20:23 Image size of job updated: 18107692
	12392  -  MemoryUsage of job (MB)
	12689108  -  ResidentSetSize of job (KB)
...
040 (9247062.000.000) 02/20 16:21:31 Entered queue to transfer output files
...
040 (9247062.000.000) 02/20 16:24:29 Started transferring output files
...
040 (9247062.000.000) 02/20 16:25:19 Finished transferring output files
...
004 (9247062.000.000) 02/20 16:25:40 Job was evicted.
	(0) CPU times
		Usr 0 00:07:41, Sys 0 00:00:48  -  Run Remote Usage
		Usr 0 00:00:00, Sys 0 00:00:00  -  Run Local Usage
	17491  -  Run Bytes Sent By Job
	936  -  Run Bytes Received By Job
	Partitionable Resources :    Usage  Request Allocated Assigned
	   Cpus                 :     1.00       22        22 
	   Disk (KB)            :    45       10000   1072342 
	   Gpus (Average)       :     0           1         1 "GPU-eec0bab3"
	   GpusMemory (MB)      :   467                       
	   Memory (MB)          : 12392       44000     44000 
...
009 (9247062.000.000) 02/20 16:25:43 Job was aborted.
	via condor_rm (by user jshteren)
...
