000 (9244450.000.000) 02/16 19:01:58 Job submitted from host: <188.184.90.62:9618?addrs=188.184.90.62-9618+[2001-1458-201-e4--100-238]-9618&alias=bigbird16.cern.ch&noUDP&sock=schedd_4073970_23e3>
...
040 (9244450.000.000) 02/16 19:03:40 Started transferring input files
	Transferring to host: <188.184.195.145:9618?addrs=188.184.195.145-9618+[2001-1458-301-72--100-41d]-9618&alias=b9g47n9913.cern.ch&noUDP&sock=slot1_1_2045144_b5d6_10943>
...
040 (9244450.000.000) 02/16 19:03:40 Finished transferring input files
...
001 (9244450.000.000) 02/16 19:03:41 Job executing on host: <188.184.195.145:9618?addrs=188.184.195.145-9618+[2001-1458-301-72--100-41d]-9618&alias=b9g47n9913.cern.ch&noUDP&sock=startd_4060_6699>
...
006 (9244450.000.000) 02/16 19:03:49 Image size of job updated: 18288
	18  -  MemoryUsage of job (MB)
	18140  -  ResidentSetSize of job (KB)
...
006 (9244450.000.000) 02/16 19:08:49 Image size of job updated: 367660
	357  -  MemoryUsage of job (MB)
	365352  -  ResidentSetSize of job (KB)
...
006 (9244450.000.000) 02/16 19:13:50 Image size of job updated: 7216288
	4690  -  MemoryUsage of job (MB)
	4801980  -  ResidentSetSize of job (KB)
...
040 (9244450.000.000) 02/16 23:57:40 Started transferring output files
...
040 (9244450.000.000) 02/16 23:57:41 Finished transferring output files
...
005 (9244450.000.000) 02/16 23:57:42 Job terminated.
	(1) Normal termination (return value 0)
		Usr 0 09:25:33, Sys 0 00:06:30  -  Run Remote Usage
		Usr 0 00:00:00, Sys 0 00:00:00  -  Run Local Usage
		Usr 0 09:25:33, Sys 0 00:06:30  -  Total Remote Usage
		Usr 0 00:00:00, Sys 0 00:00:00  -  Total Local Usage
	9049618  -  Run Bytes Sent By Job
	843  -  Run Bytes Received By Job
	9049618  -  Total Bytes Sent By Job
	843  -  Total Bytes Received By Job
	Partitionable Resources :    Usage  Request Allocated Assigned
	   Cpus                 :     1.58       22        22 
	   Disk (KB)            :  8861      100000   1076557 
	   Gpus (Average)       :     0           1         1 "GPU-eec0bab3"
	   GpusMemory (MB)      :   467                       
	   Memory (MB)          :  4690       44000     44000 

	Job terminated of its own accord at 2024-02-16T22:57:40Z.
...
