000 (9247166.000.000) 02/20 21:06:41 Job submitted from host: <188.184.90.62:9618?addrs=188.184.90.62-9618+[2001-1458-201-e4--100-238]-9618&alias=bigbird16.cern.ch&noUDP&sock=schedd_4073970_23e3>
...
040 (9247166.000.000) 02/20 21:12:41 Started transferring input files
	Transferring to host: <188.184.195.145:9618?addrs=188.184.195.145-9618+[2001-1458-301-72--100-41d]-9618&alias=b9g47n9913.cern.ch&noUDP&sock=slot1_1_2045144_b5d6_13704>
...
040 (9247166.000.000) 02/20 21:12:41 Finished transferring input files
...
001 (9247166.000.000) 02/20 21:12:42 Job executing on host: <188.184.195.145:9618?addrs=188.184.195.145-9618+[2001-1458-301-72--100-41d]-9618&alias=b9g47n9913.cern.ch&noUDP&sock=startd_4060_6699>
...
006 (9247166.000.000) 02/20 21:12:50 Image size of job updated: 18688
	19  -  MemoryUsage of job (MB)
	18436  -  ResidentSetSize of job (KB)
...
006 (9247166.000.000) 02/20 21:17:50 Image size of job updated: 779392
	747  -  MemoryUsage of job (MB)
	764000  -  ResidentSetSize of job (KB)
...
006 (9247166.000.000) 02/20 21:19:29 Image size of job updated: 7209576
	1710  -  MemoryUsage of job (MB)
	1750516  -  ResidentSetSize of job (KB)
...
040 (9247166.000.000) 02/20 21:19:29 Started transferring output files
...
040 (9247166.000.000) 02/20 21:19:29 Finished transferring output files
...
004 (9247166.000.000) 02/20 21:19:29 Job was evicted.
	(0) CPU times
		Usr 0 00:01:36, Sys 0 00:00:39  -  Run Remote Usage
		Usr 0 00:00:00, Sys 0 00:00:00  -  Run Local Usage
	17632  -  Run Bytes Sent By Job
	936  -  Run Bytes Received By Job
	Partitionable Resources :    Usage  Request Allocated Assigned
	   Cpus                 :                22        22 
	   Disk (KB)            :       45    10000   1072013 
	   Gpus (Average)       :                 1         1 "GPU-eec0bab3"
	   Memory (MB)          :     1710    44000     44000 
...
009 (9247166.000.000) 02/20 21:19:29 Job was aborted.
	via condor_rm (by user jshteren)
...
