000 (9244395.000.000) 02/16 18:07:59 Job submitted from host: <188.184.90.62:9618?addrs=188.184.90.62-9618+[2001-1458-201-e4--100-238]-9618&alias=bigbird16.cern.ch&noUDP&sock=schedd_4073970_23e3>
...
040 (9244395.000.000) 02/16 18:09:41 Started transferring input files
	Transferring to host: <188.184.195.145:9618?addrs=188.184.195.145-9618+[2001-1458-301-72--100-41d]-9618&alias=b9g47n9913.cern.ch&noUDP&sock=slot1_1_2045144_b5d6_10917>
...
040 (9244395.000.000) 02/16 18:09:41 Finished transferring input files
...
001 (9244395.000.000) 02/16 18:09:42 Job executing on host: <188.184.195.145:9618?addrs=188.184.195.145-9618+[2001-1458-301-72--100-41d]-9618&alias=b9g47n9913.cern.ch&noUDP&sock=startd_4060_6699>
...
006 (9244395.000.000) 02/16 18:09:51 Image size of job updated: 17804
	18  -  MemoryUsage of job (MB)
	17804  -  ResidentSetSize of job (KB)
...
006 (9244395.000.000) 02/16 18:14:52 Image size of job updated: 386576
	378  -  MemoryUsage of job (MB)
	386576  -  ResidentSetSize of job (KB)
...
006 (9244395.000.000) 02/16 18:19:52 Image size of job updated: 7229120
	4696  -  MemoryUsage of job (MB)
	4808240  -  ResidentSetSize of job (KB)
...
040 (9244395.000.000) 02/16 18:57:12 Started transferring output files
...
040 (9244395.000.000) 02/16 18:57:13 Finished transferring output files
...
005 (9244395.000.000) 02/16 18:57:13 Job terminated.
	(1) Normal termination (return value 0)
		Usr 0 00:50:26, Sys 0 00:01:12  -  Run Remote Usage
		Usr 0 00:00:00, Sys 0 00:00:00  -  Run Local Usage
		Usr 0 00:50:26, Sys 0 00:01:12  -  Total Remote Usage
		Usr 0 00:00:00, Sys 0 00:00:00  -  Total Local Usage
	597962  -  Run Bytes Sent By Job
	843  -  Run Bytes Received By Job
	597962  -  Total Bytes Sent By Job
	843  -  Total Bytes Received By Job
	Partitionable Resources :    Usage  Request Allocated Assigned
	   Cpus                 :     0.00       22        22 
	   Disk (KB)            :   621      100000   1076661 
	   Gpus (Average)       :     0           1         1 "GPU-eec0bab3"
	   GpusMemory (MB)      :   467                       
	   Memory (MB)          :  4696       44000     44000 

	Job terminated of its own accord at 2024-02-16T17:40:23Z.
...
